<?xml version="1.0" encoding="utf-8" standalone="no"?>
<test-run id="2" testcasecount="18" result="Passed" total="18" passed="16" failed="0" inconclusive="0" skipped="2" asserts="0" engine-version="3.5.0.0" clr-version="4.0.30319.42000" start-time="2016-11-22 21:54:50Z" end-time="2016-11-22 21:54:51Z" duration="0.852259">
  <command-line><![CDATA["packages/build/NUnit.ConsoleRunner/tools/nunit3-console.exe" "--noheader" "--output=artifacts\TestResults.xml" "C:\Users\kmiller\projects\Reactive.Config\src\Reactive.Config.Files.Tests\bin\Release\Reactive.Config.Files.Tests.dll" "C:\Users\kmiller\projects\Reactive.Config\src\Reactive.Config.Tests\bin\Release\Reactive.Config.Tests.dll" ]]></command-line>
  <test-suite type="Assembly" id="1-1008" name="Reactive.Config.Files.Tests.dll" fullname="C:\Users\kmiller\projects\Reactive.Config\src\Reactive.Config.Files.Tests\bin\Release\Reactive.Config.Files.Tests.dll" runstate="Runnable" testcasecount="6" result="Passed" start-time="2016-11-22 21:54:50Z" end-time="2016-11-22 21:54:51Z" duration="0.798495" total="6" passed="6" failed="0" inconclusive="0" skipped="0" asserts="0">
    <environment framework-version="3.5.0.0" clr-version="4.0.30319.42000" os-version="Microsoft Windows NT 6.1.7601 Service Pack 1" platform="Win32NT" cwd="C:\Users\kmiller\projects\Reactive.Config" machine-name="KMILLER-LT" user="kmiller" user-domain="USHIP" culture="en-US" uiculture="en-US" os-architecture="x64" />
    <settings>
      <setting name="DisposeRunners" value="True" />
      <setting name="WorkDirectory" value="C:\Users\kmiller\projects\Reactive.Config" />
      <setting name="ImageRuntimeVersion" value="4.0.30319" />
      <setting name="ImageTargetFrameworkName" value=".NETFramework,Version=v4.5.2" />
      <setting name="ImageRequiresX86" value="False" />
      <setting name="ImageRequiresDefaultAppDomainAssemblyResolver" value="False" />
      <setting name="NumberOfTestWorkers" value="8" />
    </settings>
    <properties>
      <property name="_PID" value="17460" />
      <property name="_APPDOMAIN" value="test-domain-Reactive.Config.Files.Tests.dll" />
    </properties>
    <test-suite type="TestSuite" id="1-1009" name="Reactive" fullname="Reactive" runstate="Runnable" testcasecount="6" result="Passed" start-time="2016-11-22 21:54:50Z" end-time="2016-11-22 21:54:51Z" duration="0.782026" total="6" passed="6" failed="0" inconclusive="0" skipped="0" asserts="0">
      <test-suite type="TestSuite" id="1-1010" name="Config" fullname="Reactive.Config" runstate="Runnable" testcasecount="6" result="Passed" start-time="2016-11-22 21:54:50Z" end-time="2016-11-22 21:54:51Z" duration="0.780045" total="6" passed="6" failed="0" inconclusive="0" skipped="0" asserts="0">
        <test-suite type="TestSuite" id="1-1011" name="Files" fullname="Reactive.Config.Files" runstate="Runnable" testcasecount="6" result="Passed" start-time="2016-11-22 21:54:50Z" end-time="2016-11-22 21:54:51Z" duration="0.778003" total="6" passed="6" failed="0" inconclusive="0" skipped="0" asserts="0">
          <test-suite type="TestSuite" id="1-1012" name="Tests" fullname="Reactive.Config.Files.Tests" runstate="Runnable" testcasecount="6" result="Passed" start-time="2016-11-22 21:54:50Z" end-time="2016-11-22 21:54:51Z" duration="0.775062" total="6" passed="6" failed="0" inconclusive="0" skipped="0" asserts="0">
            <test-suite type="TestFixture" id="1-1004" name="Json_Configuration_Source+Get" fullname="Reactive.Config.Files.Tests.Json_Configuration_Source+Get" classname="Reactive.Config.Files.Tests.Json_Configuration_Source+Get" runstate="Runnable" testcasecount="3" result="Passed" start-time="2016-11-22 21:54:50Z" end-time="2016-11-22 21:54:51Z" duration="0.750064" total="3" passed="3" failed="0" inconclusive="0" skipped="0" asserts="0">
              <test-case id="1-1006" name="observable_should_drop_a_marble_when_file_is_updated" fullname="Reactive.Config.Files.Tests.Json_Configuration_Source+Get.observable_should_drop_a_marble_when_file_is_updated" methodname="observable_should_drop_a_marble_when_file_is_updated" classname="Reactive.Config.Files.Tests.Json_Configuration_Source+Get" runstate="Runnable" seed="242994323" result="Passed" start-time="2016-11-22 21:54:50Z" end-time="2016-11-22 21:54:51Z" duration="0.575998" asserts="0" />
              <test-case id="1-1007" name="observable_should_note_drop_a_marble_when_file_is_not_updated" fullname="Reactive.Config.Files.Tests.Json_Configuration_Source+Get.observable_should_note_drop_a_marble_when_file_is_not_updated" methodname="observable_should_note_drop_a_marble_when_file_is_not_updated" classname="Reactive.Config.Files.Tests.Json_Configuration_Source+Get" runstate="Runnable" seed="13250637" result="Passed" start-time="2016-11-22 21:54:51Z" end-time="2016-11-22 21:54:51Z" duration="0.155800" asserts="0" />
              <test-case id="1-1005" name="should_return_deserialized_config_contents" fullname="Reactive.Config.Files.Tests.Json_Configuration_Source+Get.should_return_deserialized_config_contents" methodname="should_return_deserialized_config_contents" classname="Reactive.Config.Files.Tests.Json_Configuration_Source+Get" runstate="Runnable" seed="1386684343" result="Passed" start-time="2016-11-22 21:54:51Z" end-time="2016-11-22 21:54:51Z" duration="0.004521" asserts="0" />
            </test-suite>
            <test-suite type="TestFixture" id="1-1000" name="Json_Configuration_Source+Handles" fullname="Reactive.Config.Files.Tests.Json_Configuration_Source+Handles" classname="Reactive.Config.Files.Tests.Json_Configuration_Source+Handles" runstate="Runnable" testcasecount="3" result="Passed" start-time="2016-11-22 21:54:51Z" end-time="2016-11-22 21:54:51Z" duration="0.015063" total="3" passed="3" failed="0" inconclusive="0" skipped="0" asserts="0">
              <test-case id="1-1001" name="should_handle_when_settings_path_for_T_exists" fullname="Reactive.Config.Files.Tests.Json_Configuration_Source+Handles.should_handle_when_settings_path_for_T_exists" methodname="should_handle_when_settings_path_for_T_exists" classname="Reactive.Config.Files.Tests.Json_Configuration_Source+Handles" runstate="Runnable" seed="222086910" result="Passed" start-time="2016-11-22 21:54:51Z" end-time="2016-11-22 21:54:51Z" duration="0.005400" asserts="0" />
              <test-case id="1-1003" name="should_not_handle_when_settings_file_does_not_exist" fullname="Reactive.Config.Files.Tests.Json_Configuration_Source+Handles.should_not_handle_when_settings_file_does_not_exist" methodname="should_not_handle_when_settings_file_does_not_exist" classname="Reactive.Config.Files.Tests.Json_Configuration_Source+Handles" runstate="Runnable" seed="176215306" result="Passed" start-time="2016-11-22 21:54:51Z" end-time="2016-11-22 21:54:51Z" duration="0.003714" asserts="0" />
              <test-case id="1-1002" name="should_not_handle_when_settings_path_does_not_exist" fullname="Reactive.Config.Files.Tests.Json_Configuration_Source+Handles.should_not_handle_when_settings_path_does_not_exist" methodname="should_not_handle_when_settings_path_does_not_exist" classname="Reactive.Config.Files.Tests.Json_Configuration_Source+Handles" runstate="Runnable" seed="581334620" result="Passed" start-time="2016-11-22 21:54:51Z" end-time="2016-11-22 21:54:51Z" duration="0.001343" asserts="0" />
            </test-suite>
          </test-suite>
        </test-suite>
      </test-suite>
    </test-suite>
  </test-suite>
  <test-suite type="Assembly" id="2-1016" name="Reactive.Config.Tests.dll" fullname="C:\Users\kmiller\projects\Reactive.Config\src\Reactive.Config.Tests\bin\Release\Reactive.Config.Tests.dll" runstate="Runnable" testcasecount="12" result="Passed" start-time="2016-11-22 21:54:50Z" end-time="2016-11-22 21:54:51Z" duration="0.467466" total="12" passed="10" failed="0" inconclusive="0" skipped="2" asserts="0">
    <environment framework-version="3.5.0.0" clr-version="4.0.30319.42000" os-version="Microsoft Windows NT 6.1.7601 Service Pack 1" platform="Win32NT" cwd="C:\Users\kmiller\projects\Reactive.Config" machine-name="KMILLER-LT" user="kmiller" user-domain="USHIP" culture="en-US" uiculture="en-US" os-architecture="x64" />
    <settings>
      <setting name="DisposeRunners" value="True" />
      <setting name="WorkDirectory" value="C:\Users\kmiller\projects\Reactive.Config" />
      <setting name="ImageRuntimeVersion" value="4.0.30319" />
      <setting name="ImageTargetFrameworkName" value=".NETFramework,Version=v4.5.2" />
      <setting name="ImageRequiresX86" value="False" />
      <setting name="ImageRequiresDefaultAppDomainAssemblyResolver" value="False" />
      <setting name="NumberOfTestWorkers" value="8" />
    </settings>
    <properties>
      <property name="_PID" value="9924" />
      <property name="_APPDOMAIN" value="test-domain-Reactive.Config.Tests.dll" />
    </properties>
    <test-suite type="TestSuite" id="2-1017" name="Reactive" fullname="Reactive" runstate="Runnable" testcasecount="12" result="Passed" start-time="2016-11-22 21:54:50Z" end-time="2016-11-22 21:54:51Z" duration="0.449941" total="12" passed="10" failed="0" inconclusive="0" skipped="2" asserts="0">
      <test-suite type="TestSuite" id="2-1018" name="Config" fullname="Reactive.Config" runstate="Runnable" testcasecount="12" result="Passed" start-time="2016-11-22 21:54:50Z" end-time="2016-11-22 21:54:51Z" duration="0.447992" total="12" passed="10" failed="0" inconclusive="0" skipped="2" asserts="0">
        <test-suite type="TestSuite" id="2-1019" name="Tests" fullname="Reactive.Config.Tests" runstate="Runnable" testcasecount="12" result="Passed" start-time="2016-11-22 21:54:50Z" end-time="2016-11-22 21:54:51Z" duration="0.446030" total="12" passed="10" failed="0" inconclusive="0" skipped="2" asserts="0">
          <test-suite type="TestFixture" id="2-1013" name="Configuration_Provider+Get" fullname="Reactive.Config.Tests.Configuration_Provider+Get" classname="Reactive.Config.Tests.Configuration_Provider+Get" runstate="Runnable" testcasecount="2" result="Passed" start-time="2016-11-22 21:54:50Z" end-time="2016-11-22 21:54:51Z" duration="0.364044" total="2" passed="2" failed="0" inconclusive="0" skipped="0" asserts="0">
            <test-case id="2-1014" name="should_check_result_store_for_existing_result" fullname="Reactive.Config.Tests.Configuration_Provider+Get.should_check_result_store_for_existing_result" methodname="should_check_result_store_for_existing_result" classname="Reactive.Config.Tests.Configuration_Provider+Get" runstate="Runnable" seed="917821460" result="Passed" start-time="2016-11-22 21:54:50Z" end-time="2016-11-22 21:54:51Z" duration="0.321394" asserts="0" />
            <test-case id="2-1015" name="should_store_aggregated_result_for_T" fullname="Reactive.Config.Tests.Configuration_Provider+Get.should_store_aggregated_result_for_T" methodname="should_store_aggregated_result_for_T" classname="Reactive.Config.Tests.Configuration_Provider+Get" runstate="Runnable" seed="1315054016" result="Passed" start-time="2016-11-22 21:54:51Z" end-time="2016-11-22 21:54:51Z" duration="0.030807" asserts="0" />
          </test-suite>
          <test-suite type="TestFixture" id="2-1007" name="Configuration_Result_Store+Happy_Path" fullname="Reactive.Config.Tests.Configuration_Result_Store+Happy_Path" classname="Reactive.Config.Tests.Configuration_Result_Store+Happy_Path" runstate="Runnable" testcasecount="5" result="Passed" start-time="2016-11-22 21:54:51Z" end-time="2016-11-22 21:54:51Z" duration="0.015987" total="5" passed="3" failed="0" inconclusive="0" skipped="2" asserts="0">
            <test-case id="2-1011" name="disposing_the_store_should_unsubscribe_all" fullname="Reactive.Config.Tests.Configuration_Result_Store+Happy_Path.disposing_the_store_should_unsubscribe_all" methodname="disposing_the_store_should_unsubscribe_all" classname="Reactive.Config.Tests.Configuration_Result_Store+Happy_Path" runstate="Explicit" seed="966508289" result="Skipped" label="Explicit" start-time="2016-11-22 21:54:51Z" end-time="2016-11-22 21:54:51Z" duration="0.000652" asserts="0" />
            <test-case id="2-1010" name="get_after_observable_fires_should_return_observed" fullname="Reactive.Config.Tests.Configuration_Result_Store+Happy_Path.get_after_observable_fires_should_return_observed" methodname="get_after_observable_fires_should_return_observed" classname="Reactive.Config.Tests.Configuration_Result_Store+Happy_Path" runstate="Runnable" seed="733643528" result="Passed" start-time="2016-11-22 21:54:51Z" end-time="2016-11-22 21:54:51Z" duration="0.006607" asserts="0" />
            <test-case id="2-1009" name="get_after_store_should_match_stored_result" fullname="Reactive.Config.Tests.Configuration_Result_Store+Happy_Path.get_after_store_should_match_stored_result" methodname="get_after_store_should_match_stored_result" classname="Reactive.Config.Tests.Configuration_Result_Store+Happy_Path" runstate="Runnable" seed="1004658696" result="Passed" start-time="2016-11-22 21:54:51Z" end-time="2016-11-22 21:54:51Z" duration="0.000380" asserts="0" />
            <test-case id="2-1008" name="initial_get_before_store_should_return_null" fullname="Reactive.Config.Tests.Configuration_Result_Store+Happy_Path.initial_get_before_store_should_return_null" methodname="initial_get_before_store_should_return_null" classname="Reactive.Config.Tests.Configuration_Result_Store+Happy_Path" runstate="Runnable" seed="2045494203" result="Passed" start-time="2016-11-22 21:54:51Z" end-time="2016-11-22 21:54:51Z" duration="0.000766" asserts="0" />
            <test-case id="2-1012" name="should_we_bother_testing_locking" fullname="Reactive.Config.Tests.Configuration_Result_Store+Happy_Path.should_we_bother_testing_locking" methodname="should_we_bother_testing_locking" classname="Reactive.Config.Tests.Configuration_Result_Store+Happy_Path" runstate="Explicit" seed="1794950672" result="Skipped" label="Explicit" start-time="2016-11-22 21:54:51Z" end-time="2016-11-22 21:54:51Z" duration="0.000009" asserts="0" />
          </test-suite>
          <test-suite type="TestFixture" id="2-1000" name="Configuration_Source_Resolver+Resolve" fullname="Reactive.Config.Tests.Configuration_Source_Resolver+Resolve" classname="Reactive.Config.Tests.Configuration_Source_Resolver+Resolve" runstate="Runnable" testcasecount="4" result="Passed" start-time="2016-11-22 21:54:51Z" end-time="2016-11-22 21:54:51Z" duration="0.050049" total="4" passed="4" failed="0" inconclusive="0" skipped="0" asserts="0">
            <test-case id="2-1001" name="should_ask_each_source_if_it_handles_T" fullname="Reactive.Config.Tests.Configuration_Source_Resolver+Resolve.should_ask_each_source_if_it_handles_T" methodname="should_ask_each_source_if_it_handles_T" classname="Reactive.Config.Tests.Configuration_Source_Resolver+Resolve" runstate="Runnable" seed="1802375255" result="Passed" start-time="2016-11-22 21:54:51Z" end-time="2016-11-22 21:54:51Z" duration="0.006057" asserts="0" />
            <test-case id="2-1002" name="should_get_results_from_sources_handling_T" fullname="Reactive.Config.Tests.Configuration_Source_Resolver+Resolve.should_get_results_from_sources_handling_T" methodname="should_get_results_from_sources_handling_T" classname="Reactive.Config.Tests.Configuration_Source_Resolver+Resolve" runstate="Runnable" seed="1580178611" result="Passed" start-time="2016-11-22 21:54:51Z" end-time="2016-11-22 21:54:51Z" duration="0.007694" asserts="0" />
            <test-case id="2-1003" name="should_return_aggregated_result_from_sources_handling_T" fullname="Reactive.Config.Tests.Configuration_Source_Resolver+Resolve.should_return_aggregated_result_from_sources_handling_T" methodname="should_return_aggregated_result_from_sources_handling_T" classname="Reactive.Config.Tests.Configuration_Source_Resolver+Resolve" runstate="Runnable" seed="120137719" result="Passed" start-time="2016-11-22 21:54:51Z" end-time="2016-11-22 21:54:51Z" duration="0.001460" asserts="0" />
            <test-case id="2-1004" name="should_return_merged_observable" fullname="Reactive.Config.Tests.Configuration_Source_Resolver+Resolve.should_return_merged_observable" methodname="should_return_merged_observable" classname="Reactive.Config.Tests.Configuration_Source_Resolver+Resolve" runstate="Runnable" seed="1653454640" result="Passed" start-time="2016-11-22 21:54:51Z" end-time="2016-11-22 21:54:51Z" duration="0.028916" asserts="0" />
          </test-suite>
          <test-suite type="TestFixture" id="2-1005" name="Namespace_Keypath_Provider+Get_Key_Path" fullname="Reactive.Config.Tests.Namespace_Keypath_Provider+Get_Key_Path" classname="Reactive.Config.Tests.Namespace_Keypath_Provider+Get_Key_Path" runstate="Runnable" testcasecount="1" result="Passed" start-time="2016-11-22 21:54:51Z" end-time="2016-11-22 21:54:51Z" duration="0.004047" total="1" passed="1" failed="0" inconclusive="0" skipped="0" asserts="0">
            <test-case id="2-1006" name="should_return_namespace_of_T" fullname="Reactive.Config.Tests.Namespace_Keypath_Provider+Get_Key_Path.should_return_namespace_of_T" methodname="should_return_namespace_of_T" classname="Reactive.Config.Tests.Namespace_Keypath_Provider+Get_Key_Path" runstate="Runnable" seed="1152203611" result="Passed" start-time="2016-11-22 21:54:51Z" end-time="2016-11-22 21:54:51Z" duration="0.002566" asserts="0" />
          </test-suite>
        </test-suite>
      </test-suite>
    </test-suite>
  </test-suite>
</test-run>